<?xml version="1.0" encoding="UTF-8"?>
<!-- Generated by org.testng.reporters.JUnitReportReporter -->
<testsuite hostname="wmp-2016120030.local" name="Extentreports.TestCase1" tests="1" failures="0" timestamp="20 Mar 2017 09:30:57 GMT" time="11.376" errors="0">
  <testcase name="testCase2" time="11.376" classname="Extentreports.TestCase1"/>
</testsuite> <!-- Extentreports.TestCase1 -->
