<?xml version="1.0" encoding="UTF-8"?>
<!-- Generated by org.testng.reporters.JUnitReportReporter -->
<testsuite hostname="wmp-2016120030.local" name="Extentreports.TestCase2" tests="1" failures="0" timestamp="20 Mar 2017 09:30:57 GMT" time="12.399" errors="0">
  <testcase name="testCase2" time="12.399" classname="Extentreports.TestCase2"/>
</testsuite> <!-- Extentreports.TestCase2 -->
